[2022-10-05 00:00:15.332207] [INFO] Start!
[2022-10-05 00:00:21.576149] [INFO] Preparing to upload
[2022-10-05 00:00:21.576149] [INFO] Uploading NAE1-H_1419_AG15_INF_OE.tmp
[2022-10-05 00:00:21.576149] [INFO] Uploading NAE1-H_1510_AG15_INF_OE.tmp
[2022-10-05 00:00:21.576149] [INFO] Uploading NAE1-H_1532_AG15_INF_OE.tmp
[2022-10-05 00:00:21.576149] [INFO] Uploading NAE4-M_3010740_EN15_INF_OE.tmp
[2022-10-05 00:00:49.285806] [INFO] Upload finished...
[2022-10-05 00:00:49.285806] [INFO] Waiting 10 minutes
[2022-10-05 00:01:00.165715] [INFO] Start!
[2022-10-05 00:01:07.187222] [INFO] Preparing to upload
[2022-10-05 00:01:07.187222] [INFO] Uploading NAE1-H_1419_AG15_INF_OE.tmp
[2022-10-05 00:01:07.187222] [INFO] Uploading NAE1-H_1510_AG15_INF_OE.tmp
[2022-10-05 00:01:07.187222] [INFO] Uploading NAE1-H_1532_AG15_INF_OE.tmp
[2022-10-05 00:01:07.187222] [INFO] Uploading NAE4-M_3010740_EN15_INF_OE.tmp
[2022-10-05 00:01:26.420028] [ERROR] Preparing to upload: Traceback (most recent call last):
  File "D:/pythonDSA/CTE/dexma/dexma_uploader.py", line 235, in prepareToUpload
    executor.submit(uploadData, PATH_NAME + entry)
  File "D:\Programas\Anaconda\Anaconda3\lib\concurrent\futures\_base.py", line 623, in __exit__
    self.shutdown(wait=True)
  File "D:\Programas\Anaconda\Anaconda3\lib\concurrent\futures\thread.py", line 216, in shutdown
    t.join()
  File "D:\Programas\Anaconda\Anaconda3\lib\threading.py", line 1044, in join
    self._wait_for_tstate_lock()
  File "D:\Programas\Anaconda\Anaconda3\lib\threading.py", line 1060, in _wait_for_tstate_lock
    elif lock.acquire(block, timeout):
KeyboardInterrupt

[2022-10-05 00:01:26.420028] [INFO] Upload finished...
[2022-10-05 00:01:26.420028] [INFO] Waiting 10 minutes
[2022-10-05 00:01:29.453699] [INFO] Start!
[2022-10-05 00:01:34.021203] [INFO] Preparing to upload
[2022-10-05 00:01:34.021203] [INFO] Uploading NAE1-H_1419_AG15_INF_OE.tmp
[2022-10-05 00:01:34.021203] [INFO] Uploading NAE1-H_1510_AG15_INF_OE.tmp
[2022-10-05 00:01:34.021203] [INFO] Uploading NAE1-H_1532_AG15_INF_OE.tmp
[2022-10-05 00:01:34.021203] [INFO] Uploading NAE4-M_3010740_EN15_INF_OE.tmp
[2022-10-05 00:02:02.069885] [INFO] Upload finished...
[2022-10-05 00:02:02.069885] [INFO] Waiting 10 minutes
[2022-10-05 00:03:53.630642] [INFO] Start!
[2022-10-05 00:03:58.351779] [INFO] Preparing to upload
[2022-10-05 00:03:58.351779] [INFO] Uploading NAE1-H_1419_AG15_INF_OE.tmp
[2022-10-05 00:03:58.351779] [INFO] Uploading NAE1-H_1510_AG15_INF_OE.tmp
[2022-10-05 00:03:58.351779] [INFO] Uploading NAE1-H_1532_AG15_INF_OE.tmp
[2022-10-05 00:03:58.351779] [INFO] Uploading NAE4-M_3010740_EN15_INF_OE.tmp
[2022-10-05 00:04:26.429787] [INFO] Upload finished...
[2022-10-05 00:04:26.429787] [INFO] Waiting 10 minutes
[2022-10-05 00:04:41.590425] [INFO] Start!
[2022-10-05 00:04:46.211482] [INFO] Preparing to upload
[2022-10-05 00:04:46.211482] [INFO] Uploading NAE1-H_1419_AG15_INF_OE.tmp
[2022-10-05 00:04:46.211482] [INFO] Uploading NAE1-H_1510_AG15_INF_OE.tmp
[2022-10-05 00:04:46.211482] [INFO] Uploading NAE1-H_1532_AG15_INF_OE.tmp
[2022-10-05 00:04:46.211482] [INFO] Uploading NAE4-M_3010740_EN15_INF_OE.tmp
[2022-10-05 00:05:14.344588] [INFO] Upload finished...
[2022-10-05 00:05:14.344588] [INFO] Waiting 10 minutes
[2022-10-05 00:15:14.350281] [INFO] Start!
[2022-10-05 00:15:20.134056] [INFO] Preparing to upload
[2022-10-05 00:15:20.134056] [INFO] Uploading NAE1-H_1510_AG15_INF_OE.tmp
[2022-10-05 00:15:20.134056] [INFO] Uploading NAE1-H_1532_AG15_INF_OE.tmp
[2022-10-05 00:15:20.134056] [INFO] Uploading NAE4-M_3010740_EN15_INF_OE.tmp
[2022-10-05 00:15:48.542412] [INFO] Upload finished...
[2022-10-05 00:15:48.542412] [INFO] Waiting 10 minutes
[2022-10-05 00:25:48.556817] [INFO] Start!
[2022-10-05 00:25:53.467262] [INFO] Preparing to upload
[2022-10-05 00:25:53.467262] [INFO] Uploading NAE1-H_1419_AG15_INF_OE.tmp
[2022-10-05 00:25:53.467262] [INFO] Uploading NAE1-H_1510_AG15_INF_OE.tmp
[2022-10-05 00:25:53.467262] [INFO] Uploading NAE1-H_1532_AG15_INF_OE.tmp
[2022-10-05 00:25:53.467262] [INFO] Uploading NAE4-M_3010740_EN15_INF_OE.tmp
[2022-10-05 00:26:22.658222] [INFO] Upload finished...
[2022-10-05 00:26:22.658222] [INFO] Waiting 10 minutes
[2022-10-05 08:22:31.544251] [INFO] Start!
[2022-10-05 08:22:34.372828] [ERROR] Creating TEMP archive from NAE1-H_1419_AG15_INF_OE: Traceback (most recent call last):
  File "D:\pythonDSA\CTE\dexma\src\methods.py", line 229, in omnieletronica_query
    if (convertToISO(data['measure_at']) > convertToISO(after)) and (
  File "D:\pythonDSA\CTE\dexma\src\methods.py", line 174, in convertToISO
    ts = (datetime.datetime.fromisoformat(ts) - datetime.timedelta(hours=3)).strftime("%Y-%m-%dT%H:%M:00.000-03:00")
ValueError: Invalid isoformat string: '2022-10-04T18:45:00.000-0'

[2022-10-05 08:22:35.435143] [ERROR] Creating TEMP archive from NAE1-H_1510_AG15_INF_OE: Traceback (most recent call last):
  File "D:\pythonDSA\CTE\dexma\src\methods.py", line 229, in omnieletronica_query
    if (convertToISO(data['measure_at']) > convertToISO(after)) and (
  File "D:\pythonDSA\CTE\dexma\src\methods.py", line 174, in convertToISO
    ts = (datetime.datetime.fromisoformat(ts) - datetime.timedelta(hours=3)).strftime("%Y-%m-%dT%H:%M:00.000-03:00")
ValueError: Invalid isoformat string: '2022-10-04T18:30:00.000-0'

[2022-10-05 08:22:36.482317] [ERROR] Creating TEMP archive from NAE1-H_1532_AG15_INF_OE: Traceback (most recent call last):
  File "D:\pythonDSA\CTE\dexma\src\methods.py", line 229, in omnieletronica_query
    if (convertToISO(data['measure_at']) > convertToISO(after)) and (
  File "D:\pythonDSA\CTE\dexma\src\methods.py", line 174, in convertToISO
    ts = (datetime.datetime.fromisoformat(ts) - datetime.timedelta(hours=3)).strftime("%Y-%m-%dT%H:%M:00.000-03:00")
ValueError: Invalid isoformat string: '2022-10-04T18:30:00.000-0'

[2022-10-05 08:22:36.482317] [INFO] Preparing to upload
[2022-10-05 08:22:36.482317] [INFO] Uploading NAE4-M_3010740_EN15_INF_OE.tmp
[2022-10-05 08:23:31.923500] [ERROR] Preparing to upload: Traceback (most recent call last):
  File "D:/pythonDSA/CTE/dexma/dexma_uploader.py", line 235, in prepareToUpload
    executor.submit(uploadData, PATH_NAME + entry)
  File "D:\Programas\Anaconda\Anaconda3\lib\concurrent\futures\_base.py", line 623, in __exit__
    self.shutdown(wait=True)
  File "D:\Programas\Anaconda\Anaconda3\lib\concurrent\futures\thread.py", line 216, in shutdown
    t.join()
  File "D:\Programas\Anaconda\Anaconda3\lib\threading.py", line 1044, in join
    self._wait_for_tstate_lock()
  File "D:\Programas\Anaconda\Anaconda3\lib\threading.py", line 1060, in _wait_for_tstate_lock
    elif lock.acquire(block, timeout):
KeyboardInterrupt

[2022-10-05 08:23:31.923500] [INFO] Upload finished...
[2022-10-05 08:23:31.923500] [INFO] Waiting 10 minutes
[2022-10-05 08:23:44.220948] [INFO] Start!
[2022-10-05 08:23:45.346024] [ERROR] Creating TEMP archive from NAE4-M_3010740_EN15_INF_OE: Traceback (most recent call last):
  File "D:\pythonDSA\CTE\dexma\src\methods.py", line 230, in omnieletronica_query
    print(meter, convertToISO(data['measure_at']), var, data['value'])
NameError: name 'var' is not defined

[2022-10-05 08:23:46.439860] [ERROR] Creating TEMP archive from NAE1-H_1419_AG15_INF_OE: Traceback (most recent call last):
  File "D:\pythonDSA\CTE\dexma\src\methods.py", line 228, in omnieletronica_query
    if (convertToISO(data['measure_at']) > convertToISO(after)) and (
  File "D:\pythonDSA\CTE\dexma\src\methods.py", line 174, in convertToISO
    ts = (datetime.datetime.fromisoformat(ts) - datetime.timedelta(hours=3)).strftime("%Y-%m-%dT%H:%M:00.000-03:00")
ValueError: Invalid isoformat string: '2022-10-04T18:45:00.000-0'

[2022-10-05 08:23:47.518054] [ERROR] Creating TEMP archive from NAE1-H_1510_AG15_INF_OE: Traceback (most recent call last):
  File "D:\pythonDSA\CTE\dexma\src\methods.py", line 228, in omnieletronica_query
    if (convertToISO(data['measure_at']) > convertToISO(after)) and (
  File "D:\pythonDSA\CTE\dexma\src\methods.py", line 174, in convertToISO
    ts = (datetime.datetime.fromisoformat(ts) - datetime.timedelta(hours=3)).strftime("%Y-%m-%dT%H:%M:00.000-03:00")
ValueError: Invalid isoformat string: '2022-10-04T18:30:00.000-0'

[2022-10-05 08:23:48.612105] [ERROR] Creating TEMP archive from NAE1-H_1532_AG15_INF_OE: Traceback (most recent call last):
  File "D:\pythonDSA\CTE\dexma\src\methods.py", line 228, in omnieletronica_query
    if (convertToISO(data['measure_at']) > convertToISO(after)) and (
  File "D:\pythonDSA\CTE\dexma\src\methods.py", line 174, in convertToISO
    ts = (datetime.datetime.fromisoformat(ts) - datetime.timedelta(hours=3)).strftime("%Y-%m-%dT%H:%M:00.000-03:00")
ValueError: Invalid isoformat string: '2022-10-04T18:30:00.000-0'

[2022-10-05 08:23:48.612105] [INFO] Preparing to upload
[2022-10-05 08:23:48.612105] [INFO] Upload finished...
[2022-10-05 08:23:48.612105] [INFO] Waiting 10 minutes
[2022-10-05 08:25:35.141634] [INFO] Start!
[2022-10-05 08:25:36.204455] [ERROR] Creating TEMP archive from NAE1-H_1419_AG15_INF_OE: Traceback (most recent call last):
  File "D:\pythonDSA\CTE\dexma\src\methods.py", line 230, in omnieletronica_query
    print(meter, convertToISO(data['measure_at']), var, data['value'])
NameError: name 'var' is not defined

[2022-10-05 08:25:37.266788] [ERROR] Creating TEMP archive from NAE1-H_1510_AG15_INF_OE: Traceback (most recent call last):
  File "D:\pythonDSA\CTE\dexma\src\methods.py", line 230, in omnieletronica_query
    print(meter, convertToISO(data['measure_at']), var, data['value'])
NameError: name 'var' is not defined

[2022-10-05 08:25:38.892128] [ERROR] Creating TEMP archive from NAE1-H_1532_AG15_INF_OE: Traceback (most recent call last):
  File "D:\pythonDSA\CTE\dexma\src\methods.py", line 230, in omnieletronica_query
    print(meter, convertToISO(data['measure_at']), var, data['value'])
NameError: name 'var' is not defined

[2022-10-05 08:25:40.079707] [ERROR] Creating TEMP archive from NAE4-M_3010740_EN15_INF_OE: Traceback (most recent call last):
  File "D:\pythonDSA\CTE\dexma\src\methods.py", line 230, in omnieletronica_query
    print(meter, convertToISO(data['measure_at']), var, data['value'])
NameError: name 'var' is not defined

[2022-10-05 08:25:40.079707] [INFO] Preparing to upload
[2022-10-05 08:25:40.079707] [INFO] Upload finished...
[2022-10-05 08:25:40.079707] [INFO] Waiting 10 minutes
[2022-10-05 08:26:48.568370] [INFO] Start!
[2022-10-05 08:26:53.209308] [INFO] Preparing to upload
[2022-10-05 08:26:53.209308] [INFO] Uploading NAE1-H_1419_AG15_INF_OE.tmp
[2022-10-05 08:26:53.209308] [INFO] Uploading NAE1-H_1510_AG15_INF_OE.tmp
[2022-10-05 08:26:53.209308] [INFO] Uploading NAE1-H_1532_AG15_INF_OE.tmp
[2022-10-05 08:26:53.209308] [INFO] Uploading NAE4-M_3010740_EN15_INF_OE.tmp
[2022-10-05 08:27:48.010053] [INFO] Upload finished...
[2022-10-05 08:27:48.010053] [INFO] Waiting 10 minutes
[2022-10-05 08:30:57.428490] [INFO] Start!
[2022-10-05 08:31:02.835113] [INFO] Preparing to upload
[2022-10-05 08:31:02.835113] [INFO] Uploading NAE1-H_1419_AG15_INF_OE.tmp
[2022-10-05 08:31:02.835113] [INFO] Uploading NAE1-H_1510_AG15_INF_OE.tmp
[2022-10-05 08:31:02.835113] [INFO] Uploading NAE1-H_1532_AG15_INF_OE.tmp
[2022-10-05 08:31:02.835113] [INFO] Uploading NAE4-M_3010740_EN15_INF_OE.tmp
[2022-10-05 08:31:22.164757] [ERROR] Preparing to upload: Traceback (most recent call last):
  File "D:/pythonDSA/CTE/dexma/dexma_uploader.py", line 235, in prepareToUpload
    executor.submit(uploadData, PATH_NAME + entry)
  File "D:\Programas\Anaconda\Anaconda3\lib\concurrent\futures\_base.py", line 623, in __exit__
    self.shutdown(wait=True)
  File "D:\Programas\Anaconda\Anaconda3\lib\concurrent\futures\thread.py", line 216, in shutdown
    t.join()
  File "D:\Programas\Anaconda\Anaconda3\lib\threading.py", line 1044, in join
    self._wait_for_tstate_lock()
  File "D:\Programas\Anaconda\Anaconda3\lib\threading.py", line 1060, in _wait_for_tstate_lock
    elif lock.acquire(block, timeout):
KeyboardInterrupt

[2022-10-05 08:31:22.164757] [INFO] Upload finished...
[2022-10-05 08:31:22.164757] [INFO] Waiting 10 minutes
[2022-10-05 11:16:26.027436] [INFO] Start!
[2022-10-05 11:16:29.531214] [INFO] Preparing to upload
[2022-10-05 11:16:29.531214] [INFO] Uploading NAE1-H_1419_AG15_INF_OE.tmp
[2022-10-05 11:16:29.531214] [INFO] Uploading NAE1-H_1510_AG15_INF_OE.tmp
[2022-10-05 11:16:29.531214] [INFO] Uploading NAE1-H_1532_AG15_INF_OE.tmp
[2022-10-05 11:16:49.062838] [INFO] Upload finished...
[2022-10-05 11:16:49.062838] [INFO] Waiting 10 minutes
[2022-10-05 11:26:49.070309] [INFO] Start!
[2022-10-05 11:26:50.257645] [ERROR] Creating TEMP archive from NAE1-H_1419_AG15_INF_OE: Traceback (most recent call last):
  File "D:\pythonDSA\CTE\dexma\src\methods.py", line 235, in omnieletronica_query
    if (convertToISO(data['measure_at']) > convertToISO(after)) and (
  File "D:\pythonDSA\CTE\dexma\src\methods.py", line 174, in convertToISO
    ts = (datetime.datetime.fromisoformat(ts) - datetime.timedelta(hours=3)).strftime("%Y-%m-%dT%H:%M:00.000-03:00")
ValueError: Invalid isoformat string: '2022-10-05T05:45:00.000-0'

[2022-10-05 11:26:51.304841] [ERROR] Creating TEMP archive from NAE1-H_1510_AG15_INF_OE: Traceback (most recent call last):
  File "D:\pythonDSA\CTE\dexma\src\methods.py", line 235, in omnieletronica_query
    if (convertToISO(data['measure_at']) > convertToISO(after)) and (
  File "D:\pythonDSA\CTE\dexma\src\methods.py", line 174, in convertToISO
    ts = (datetime.datetime.fromisoformat(ts) - datetime.timedelta(hours=3)).strftime("%Y-%m-%dT%H:%M:00.000-03:00")
ValueError: Invalid isoformat string: '2022-10-05T05:30:00.000-0'

[2022-10-05 11:26:52.367398] [ERROR] Creating TEMP archive from NAE1-H_1532_AG15_INF_OE: Traceback (most recent call last):
  File "D:\pythonDSA\CTE\dexma\src\methods.py", line 235, in omnieletronica_query
    if (convertToISO(data['measure_at']) > convertToISO(after)) and (
  File "D:\pythonDSA\CTE\dexma\src\methods.py", line 174, in convertToISO
    ts = (datetime.datetime.fromisoformat(ts) - datetime.timedelta(hours=3)).strftime("%Y-%m-%dT%H:%M:00.000-03:00")
ValueError: Invalid isoformat string: '2022-10-05T05:30:00.000-0'

[2022-10-05 11:26:52.367398] [INFO] Preparing to upload
[2022-10-05 11:26:52.367398] [INFO] Upload finished...
[2022-10-05 11:26:52.367398] [INFO] Waiting 10 minutes
[2022-10-05 11:28:26.602698] [INFO] Start!
[2022-10-05 11:28:27.680895] [ERROR] Creating TEMP archive from NAE1-H_1419_AG15_INF_OE: Traceback (most recent call last):
  File "D:\pythonDSA\CTE\dexma\src\methods.py", line 235, in omnieletronica_query
    if (convertToISO(data['measure_at']) > convertToISO(after)) and (
  File "D:\pythonDSA\CTE\dexma\src\methods.py", line 174, in convertToISO
    ts = (datetime.datetime.fromisoformat(ts) - datetime.timedelta(hours=3)).strftime("%Y-%m-%dT%H:%M:00.000-03:00")
ValueError: Invalid isoformat string: '2022-10-05T05:45:00.0'

[2022-10-05 11:28:28.759390] [ERROR] Creating TEMP archive from NAE1-H_1510_AG15_INF_OE: Traceback (most recent call last):
  File "D:\pythonDSA\CTE\dexma\src\methods.py", line 235, in omnieletronica_query
    if (convertToISO(data['measure_at']) > convertToISO(after)) and (
  File "D:\pythonDSA\CTE\dexma\src\methods.py", line 174, in convertToISO
    ts = (datetime.datetime.fromisoformat(ts) - datetime.timedelta(hours=3)).strftime("%Y-%m-%dT%H:%M:00.000-03:00")
ValueError: Invalid isoformat string: '2022-10-05T05:30:00.0'

[2022-10-05 11:28:29.830779] [ERROR] Creating TEMP archive from NAE1-H_1532_AG15_INF_OE: Traceback (most recent call last):
  File "D:\pythonDSA\CTE\dexma\src\methods.py", line 235, in omnieletronica_query
    if (convertToISO(data['measure_at']) > convertToISO(after)) and (
  File "D:\pythonDSA\CTE\dexma\src\methods.py", line 174, in convertToISO
    ts = (datetime.datetime.fromisoformat(ts) - datetime.timedelta(hours=3)).strftime("%Y-%m-%dT%H:%M:00.000-03:00")
ValueError: Invalid isoformat string: '2022-10-05T05:30:00.0'

[2022-10-05 11:28:29.846175] [INFO] Preparing to upload
[2022-10-05 11:28:29.846175] [INFO] Upload finished...
[2022-10-05 11:28:29.846175] [INFO] Waiting 10 minutes
[2022-10-05 11:30:57.971917] [INFO] Start!
[2022-10-05 11:31:12.397171] [INFO] Start!
[2022-10-05 11:31:22.392247] [INFO] Start!
[2022-10-05 11:31:30.801087] [INFO] Start!
[2022-10-05 11:31:41.911068] [INFO] Start!
[2022-10-05 11:31:42.963829] [ERROR] Creating TEMP archive from NAE1-H_1419_AG15_INF_OE: Traceback (most recent call last):
  File "D:\pythonDSA\CTE\dexma\src\methods.py", line 235, in omnieletronica_query
    if (convertToISO(data['measure_at']) > convertToISO(after)) and (
  File "D:\pythonDSA\CTE\dexma\src\methods.py", line 174, in convertToISO
    ts = (datetime.datetime.fromisoformat(ts) - datetime.timedelta(hours=3)).strftime("%Y-%m-%dT%H:%M:00.000-03:00")
ValueError: Invalid isoformat string: '2022-04-01T00:00:00-0'

[2022-10-05 11:31:44.026636] [ERROR] Creating TEMP archive from NAE1-H_1510_AG15_INF_OE: Traceback (most recent call last):
  File "D:\pythonDSA\CTE\dexma\src\methods.py", line 235, in omnieletronica_query
    if (convertToISO(data['measure_at']) > convertToISO(after)) and (
  File "D:\pythonDSA\CTE\dexma\src\methods.py", line 174, in convertToISO
    ts = (datetime.datetime.fromisoformat(ts) - datetime.timedelta(hours=3)).strftime("%Y-%m-%dT%H:%M:00.000-03:00")
ValueError: Invalid isoformat string: '2022-04-01T00:00:00-0'

[2022-10-05 11:31:45.089211] [ERROR] Creating TEMP archive from NAE1-H_1532_AG15_INF_OE: Traceback (most recent call last):
  File "D:\pythonDSA\CTE\dexma\src\methods.py", line 235, in omnieletronica_query
    if (convertToISO(data['measure_at']) > convertToISO(after)) and (
  File "D:\pythonDSA\CTE\dexma\src\methods.py", line 174, in convertToISO
    ts = (datetime.datetime.fromisoformat(ts) - datetime.timedelta(hours=3)).strftime("%Y-%m-%dT%H:%M:00.000-03:00")
ValueError: Invalid isoformat string: '2022-04-01T00:00:00-0'

[2022-10-05 11:31:46.448433] [INFO] Preparing to upload
[2022-10-05 11:31:46.448433] [INFO] Uploading NAE4-M_3010740_EN15_INF_OE.tmp
[2022-10-05 11:32:51.266637] [INFO] Upload finished...
[2022-10-05 11:32:51.266637] [INFO] Waiting 10 minutes
[2022-10-05 15:03:11.021650] [INFO] Start!
[2022-10-05 15:04:26.508414] [INFO] Preparing to upload
[2022-10-05 15:04:26.510416] [INFO] Uploading NAE1-H_1419_AG15_INF_OE.tmp
[2022-10-05 15:04:26.510416] [INFO] Uploading NAE1-H_1510_AG15_INF_OE.tmp
[2022-10-05 15:04:26.510416] [INFO] Uploading NAE1-H_1532_AG15_INF_OE.tmp
[2022-10-05 15:04:26.511415] [INFO] Uploading NAE4-M_3010740_EN15_INF_OE.tmp
[2022-10-05 15:05:42.968866] [INFO] Upload finished...
[2022-10-05 15:05:42.968866] [INFO] Waiting 10 minutes
[2022-10-05 15:11:13.282264] [INFO] Start!
[2022-10-05 15:11:16.392356] [ERROR] Creating TEMP archive from NAE1-H_1419_AG15_INF_OE: Traceback (most recent call last):
  File "D:\pythonDSA\CTE\dexma\src\methods.py", line 235, in omnieletronica_query
    if (convertToISO(data['measure_at']) > convertToISO(after)) and (
  File "D:\pythonDSA\CTE\dexma\src\methods.py", line 174, in convertToISO
    ts = (datetime.datetime.fromisoformat(ts) - datetime.timedelta(hours=3)).strftime("%Y-%m-%dT%H:%M:00.000-03:00")
ValueError: Invalid isoformat string: '2022-10-05T09:15:00.000-0'

[2022-10-05 15:11:17.517434] [ERROR] Creating TEMP archive from NAE1-H_1510_AG15_INF_OE: Traceback (most recent call last):
  File "D:\pythonDSA\CTE\dexma\src\methods.py", line 235, in omnieletronica_query
    if (convertToISO(data['measure_at']) > convertToISO(after)) and (
  File "D:\pythonDSA\CTE\dexma\src\methods.py", line 174, in convertToISO
    ts = (datetime.datetime.fromisoformat(ts) - datetime.timedelta(hours=3)).strftime("%Y-%m-%dT%H:%M:00.000-03:00")
ValueError: Invalid isoformat string: '2022-10-05T09:15:00.000-0'

[2022-10-05 15:11:18.598718] [ERROR] Creating TEMP archive from NAE1-H_1532_AG15_INF_OE: Traceback (most recent call last):
  File "D:\pythonDSA\CTE\dexma\src\methods.py", line 235, in omnieletronica_query
    if (convertToISO(data['measure_at']) > convertToISO(after)) and (
  File "D:\pythonDSA\CTE\dexma\src\methods.py", line 174, in convertToISO
    ts = (datetime.datetime.fromisoformat(ts) - datetime.timedelta(hours=3)).strftime("%Y-%m-%dT%H:%M:00.000-03:00")
ValueError: Invalid isoformat string: '2022-10-05T09:30:00.000-0'

[2022-10-05 15:11:18.598718] [INFO] Preparing to upload
[2022-10-05 15:11:18.598718] [INFO] Uploading NAE4-M_3010740_EN15_INF_OE.tmp
[2022-10-05 15:12:24.643212] [INFO] Start!
[2022-10-05 15:12:43.435211] [ERROR] Creating TEMP archive from NAE1-H_1419_AG15_INF_OE: Traceback (most recent call last):
  File "D:\pythonDSA\CTE\dexma\src\methods.py", line 235, in omnieletronica_query
    if (convertToISO(data['measure_at']) > convertToISO(after)) and (
  File "D:\pythonDSA\CTE\dexma\src\methods.py", line 174, in convertToISO
    ts = (datetime.datetime.fromisoformat(ts) - datetime.timedelta(hours=3)).strftime("%Y-%m-%dT%H:%M:00.000-03:00")
ValueError: Invalid isoformat string: '2022-04-01T00:00:00-0'

[2022-10-05 15:13:00.028868] [ERROR] Creating TEMP archive from NAE1-H_1510_AG15_INF_OE: Traceback (most recent call last):
  File "D:\pythonDSA\CTE\dexma\src\methods.py", line 235, in omnieletronica_query
    if (convertToISO(data['measure_at']) > convertToISO(after)) and (
  File "D:\pythonDSA\CTE\dexma\src\methods.py", line 174, in convertToISO
    ts = (datetime.datetime.fromisoformat(ts) - datetime.timedelta(hours=3)).strftime("%Y-%m-%dT%H:%M:00.000-03:00")
ValueError: Invalid isoformat string: '2022-04-01T00:00:00-0'

[2022-10-05 15:13:15.184757] [ERROR] Creating TEMP archive from NAE1-H_1532_AG15_INF_OE: Traceback (most recent call last):
  File "D:\pythonDSA\CTE\dexma\src\methods.py", line 235, in omnieletronica_query
    if (convertToISO(data['measure_at']) > convertToISO(after)) and (
  File "D:\pythonDSA\CTE\dexma\src\methods.py", line 174, in convertToISO
    ts = (datetime.datetime.fromisoformat(ts) - datetime.timedelta(hours=3)).strftime("%Y-%m-%dT%H:%M:00.000-03:00")
ValueError: Invalid isoformat string: '2022-04-01T00:00:00-0'

[2022-10-05 15:13:16.908513] [INFO] Preparing to upload
[2022-10-05 15:13:16.908513] [INFO] Uploading NAE4-M_3010740_EN15_INF_OE.tmp
[2022-10-05 15:14:22.152579] [INFO] Start!
[2022-10-05 15:14:43.704487] [ERROR] Creating TEMP archive from NAE1-H_1419_AG15_INF_OE: Traceback (most recent call last):
  File "D:\pythonDSA\CTE\dexma\src\methods.py", line 235, in omnieletronica_query
    if (convertToISO(data['measure_at']) > convertToISO(after)) and (
  File "D:\pythonDSA\CTE\dexma\src\methods.py", line 174, in convertToISO
    ts = (datetime.datetime.fromisoformat(ts) - datetime.timedelta(hours=3)).strftime("%Y-%m-%dT%H:%M:00.000-03:00")
ValueError: Invalid isoformat string: '2022-04-01T00:00:'

[2022-10-05 15:14:56.869187] [ERROR] Creating TEMP archive from NAE1-H_1510_AG15_INF_OE: Traceback (most recent call last):
  File "D:\pythonDSA\CTE\dexma\src\methods.py", line 235, in omnieletronica_query
    if (convertToISO(data['measure_at']) > convertToISO(after)) and (
  File "D:\pythonDSA\CTE\dexma\src\methods.py", line 174, in convertToISO
    ts = (datetime.datetime.fromisoformat(ts) - datetime.timedelta(hours=3)).strftime("%Y-%m-%dT%H:%M:00.000-03:00")
ValueError: Invalid isoformat string: '2022-04-01T00:00:00-0'

[2022-10-05 15:15:54.231702] [ERROR] Creating TEMP archive from NAE1-H_1532_AG15_INF_OE: Traceback (most recent call last):
  File "D:\pythonDSA\CTE\dexma\src\methods.py", line 235, in omnieletronica_query
    if (convertToISO(data['measure_at']) > convertToISO(after)) and (
  File "D:\pythonDSA\CTE\dexma\src\methods.py", line 174, in convertToISO
    ts = (datetime.datetime.fromisoformat(ts) - datetime.timedelta(hours=3)).strftime("%Y-%m-%dT%H:%M:00.000-03:00")
ValueError: Invalid isoformat string: '2022-04-01T00:00:00-0'

[2022-10-05 15:15:54.231702] [INFO] Preparing to upload
[2022-10-05 15:15:54.231702] [INFO] Uploading NAE4-M_3010740_EN15_INF_OE.tmp
[2022-10-05 15:17:10.502954] [INFO] Upload finished...
[2022-10-05 15:17:10.502954] [INFO] Waiting 10 minutes
[2022-10-05 15:19:45.487580] [INFO] Start!
[2022-10-05 15:21:15.506104] [INFO] Preparing to upload
[2022-10-05 15:21:15.506104] [INFO] Uploading NAE1-H_1419_AG15_INF_OE.tmp
[2022-10-05 15:21:15.506104] [INFO] Uploading NAE1-H_1510_AG15_INF_OE.tmp
[2022-10-05 15:21:15.506104] [INFO] Uploading NAE1-H_1532_AG15_INF_OE.tmp
[2022-10-05 15:21:15.506104] [INFO] Uploading NAE4-M_3010740_EN15_INF_OE.tmp
[2022-10-05 15:22:32.733829] [INFO] Upload finished...
[2022-10-05 15:22:32.733829] [INFO] Waiting 10 minutes
[2022-10-05 15:32:32.739298] [INFO] Start!
[2022-10-05 15:32:35.333216] [ERROR] Creating TEMP archive from NAE1-H_1419_AG15_INF_OE: Traceback (most recent call last):
  File "D:\pythonDSA\CTE\dexma\src\methods.py", line 235, in omnieletronica_query
    if (convertToISO(data['measure_at']) > convertToISO(after)) and (
  File "D:\pythonDSA\CTE\dexma\src\methods.py", line 174, in convertToISO
    ts = (datetime.datetime.fromisoformat(ts) - datetime.timedelta(hours=3)).strftime("%Y-%m-%dT%H:%M:00.000-03:00")
ValueError: Invalid isoformat string: '2022-10-05T10:00:00.000-0'

[2022-10-05 15:32:36.364530] [ERROR] Creating TEMP archive from NAE1-H_1510_AG15_INF_OE: Traceback (most recent call last):
  File "D:\pythonDSA\CTE\dexma\src\methods.py", line 235, in omnieletronica_query
    if (convertToISO(data['measure_at']) > convertToISO(after)) and (
  File "D:\pythonDSA\CTE\dexma\src\methods.py", line 174, in convertToISO
    ts = (datetime.datetime.fromisoformat(ts) - datetime.timedelta(hours=3)).strftime("%Y-%m-%dT%H:%M:00.000-03:00")
ValueError: Invalid isoformat string: '2022-10-05T10:00:00.000-0'

[2022-10-05 15:32:37.427104] [ERROR] Creating TEMP archive from NAE1-H_1532_AG15_INF_OE: Traceback (most recent call last):
  File "D:\pythonDSA\CTE\dexma\src\methods.py", line 235, in omnieletronica_query
    if (convertToISO(data['measure_at']) > convertToISO(after)) and (
  File "D:\pythonDSA\CTE\dexma\src\methods.py", line 174, in convertToISO
    ts = (datetime.datetime.fromisoformat(ts) - datetime.timedelta(hours=3)).strftime("%Y-%m-%dT%H:%M:00.000-03:00")
ValueError: Invalid isoformat string: '2022-10-05T10:00:00.000-0'

[2022-10-05 15:32:37.427104] [INFO] Preparing to upload
[2022-10-05 15:32:37.442489] [INFO] Uploading NAE4-M_3010740_EN15_INF_OE.tmp
[2022-10-05 15:33:55.516593] [INFO] Upload finished...
[2022-10-05 15:33:55.516593] [INFO] Waiting 10 minutes
[2022-10-05 15:43:55.520159] [INFO] Start!
[2022-10-05 15:43:58.178247] [ERROR] Creating TEMP archive from NAE1-H_1419_AG15_INF_OE: Traceback (most recent call last):
  File "D:\pythonDSA\CTE\dexma\src\methods.py", line 235, in omnieletronica_query
    if (convertToISO(data['measure_at']) > convertToISO(after)) and (
  File "D:\pythonDSA\CTE\dexma\src\methods.py", line 174, in convertToISO
    ts = (datetime.datetime.fromisoformat(ts) - datetime.timedelta(hours=3)).strftime("%Y-%m-%dT%H:%M:00.000-03:00")
ValueError: Invalid isoformat string: '2022-10-05T10:00:00.0'

[2022-10-05 15:43:59.257233] [ERROR] Creating TEMP archive from NAE1-H_1510_AG15_INF_OE: Traceback (most recent call last):
  File "D:\pythonDSA\CTE\dexma\src\methods.py", line 235, in omnieletronica_query
    if (convertToISO(data['measure_at']) > convertToISO(after)) and (
  File "D:\pythonDSA\CTE\dexma\src\methods.py", line 174, in convertToISO
    ts = (datetime.datetime.fromisoformat(ts) - datetime.timedelta(hours=3)).strftime("%Y-%m-%dT%H:%M:00.000-03:00")
ValueError: Invalid isoformat string: '2022-10-05T10:00:00.0'

[2022-10-05 15:44:00.329686] [ERROR] Creating TEMP archive from NAE1-H_1532_AG15_INF_OE: Traceback (most recent call last):
  File "D:\pythonDSA\CTE\dexma\src\methods.py", line 235, in omnieletronica_query
    if (convertToISO(data['measure_at']) > convertToISO(after)) and (
  File "D:\pythonDSA\CTE\dexma\src\methods.py", line 174, in convertToISO
    ts = (datetime.datetime.fromisoformat(ts) - datetime.timedelta(hours=3)).strftime("%Y-%m-%dT%H:%M:00.000-03:00")
ValueError: Invalid isoformat string: '2022-10-05T10:00:00.0'

[2022-10-05 15:44:00.329686] [INFO] Preparing to upload
[2022-10-05 15:44:00.329686] [INFO] Uploading NAE4-M_3010740_EN15_INF_OE.tmp
[2022-10-05 15:45:18.370340] [INFO] Upload finished...
[2022-10-05 15:45:18.370340] [INFO] Waiting 10 minutes
[2022-10-05 15:55:18.376853] [INFO] Start!
[2022-10-05 15:55:48.179188] [ERROR] Creating TEMP archive from NAE1-H_1419_AG15_INF_OE: Traceback (most recent call last):
  File "D:\pythonDSA\CTE\dexma\src\methods.py", line 235, in omnieletronica_query
    if (convertToISO(data['measure_at']) > convertToISO(after)) and (
  File "D:\pythonDSA\CTE\dexma\src\methods.py", line 174, in convertToISO
    ts = (datetime.datetime.fromisoformat(ts) - datetime.timedelta(hours=3)).strftime("%Y-%m-%dT%H:%M:00.000-03:00")
ValueError: Invalid isoformat string: '2022-10-05T10:00:'

[2022-10-05 15:56:01.271555] [ERROR] Creating TEMP archive from NAE1-H_1510_AG15_INF_OE: Traceback (most recent call last):
  File "D:\pythonDSA\CTE\dexma\src\methods.py", line 235, in omnieletronica_query
    if (convertToISO(data['measure_at']) > convertToISO(after)) and (
  File "D:\pythonDSA\CTE\dexma\src\methods.py", line 174, in convertToISO
    ts = (datetime.datetime.fromisoformat(ts) - datetime.timedelta(hours=3)).strftime("%Y-%m-%dT%H:%M:00.000-03:00")
ValueError: Invalid isoformat string: '2022-10-05T10:00:'

[2022-10-05 15:56:11.803904] [ERROR] Creating TEMP archive from NAE1-H_1532_AG15_INF_OE: Traceback (most recent call last):
  File "D:\pythonDSA\CTE\dexma\src\methods.py", line 235, in omnieletronica_query
    if (convertToISO(data['measure_at']) > convertToISO(after)) and (
  File "D:\pythonDSA\CTE\dexma\src\methods.py", line 174, in convertToISO
    ts = (datetime.datetime.fromisoformat(ts) - datetime.timedelta(hours=3)).strftime("%Y-%m-%dT%H:%M:00.000-03:00")
ValueError: Invalid isoformat string: '2022-10-05T10:00:'

[2022-10-05 15:56:11.804904] [INFO] Preparing to upload
[2022-10-05 15:56:11.805904] [INFO] Uploading NAE4-M_3010740_EN15_INF_OE.tmp
[2022-10-05 15:57:31.433909] [INFO] Upload finished...
[2022-10-05 15:57:31.433909] [INFO] Waiting 10 minutes
[2022-10-05 16:07:31.439490] [INFO] Start!
[2022-10-05 16:08:02.818802] [INFO] Preparing to upload
[2022-10-05 16:08:02.818802] [INFO] Uploading NAE1-H_1419_AG15_INF_OE.tmp
[2022-10-05 16:08:02.818802] [INFO] Uploading NAE1-H_1510_AG15_INF_OE.tmp
[2022-10-05 16:08:02.818802] [INFO] Uploading NAE1-H_1532_AG15_INF_OE.tmp
[2022-10-05 16:08:02.818802] [INFO] Uploading NAE4-M_3010740_EN15_INF_OE.tmp
[2022-10-05 16:09:22.492331] [INFO] Upload finished...
[2022-10-05 16:09:22.492331] [INFO] Waiting 10 minutes
[2022-10-05 16:19:22.505663] [INFO] Start!
[2022-10-05 16:19:25.305262] [ERROR] Creating TEMP archive from NAE1-H_1419_AG15_INF_OE: Traceback (most recent call last):
  File "D:\pythonDSA\CTE\dexma\src\methods.py", line 235, in omnieletronica_query
    if (convertToISO(data['measure_at']) > convertToISO(after)) and (
  File "D:\pythonDSA\CTE\dexma\src\methods.py", line 174, in convertToISO
    ts = (datetime.datetime.fromisoformat(ts) - datetime.timedelta(hours=3)).strftime("%Y-%m-%dT%H:%M:00.000-03:00")
ValueError: Invalid isoformat string: '2022-10-05T10:45:00.000-0'

[2022-10-05 16:19:26.384959] [ERROR] Creating TEMP archive from NAE1-H_1510_AG15_INF_OE: Traceback (most recent call last):
  File "D:\pythonDSA\CTE\dexma\src\methods.py", line 235, in omnieletronica_query
    if (convertToISO(data['measure_at']) > convertToISO(after)) and (
  File "D:\pythonDSA\CTE\dexma\src\methods.py", line 174, in convertToISO
    ts = (datetime.datetime.fromisoformat(ts) - datetime.timedelta(hours=3)).strftime("%Y-%m-%dT%H:%M:00.000-03:00")
ValueError: Invalid isoformat string: '2022-10-05T10:45:00.000-0'

[2022-10-05 16:19:27.463961] [ERROR] Creating TEMP archive from NAE1-H_1532_AG15_INF_OE: Traceback (most recent call last):
  File "D:\pythonDSA\CTE\dexma\src\methods.py", line 235, in omnieletronica_query
    if (convertToISO(data['measure_at']) > convertToISO(after)) and (
  File "D:\pythonDSA\CTE\dexma\src\methods.py", line 174, in convertToISO
    ts = (datetime.datetime.fromisoformat(ts) - datetime.timedelta(hours=3)).strftime("%Y-%m-%dT%H:%M:00.000-03:00")
ValueError: Invalid isoformat string: '2022-10-05T10:30:00.000-0'

[2022-10-05 16:19:27.463961] [INFO] Preparing to upload
[2022-10-05 16:19:27.463961] [INFO] Uploading NAE4-M_3010740_EN15_INF_OE.tmp
[2022-10-05 16:20:47.887997] [INFO] Upload finished...
[2022-10-05 16:20:47.887997] [INFO] Waiting 10 minutes
[2022-10-05 16:30:47.902960] [INFO] Start!
[2022-10-05 16:30:50.605412] [ERROR] Creating TEMP archive from NAE1-H_1419_AG15_INF_OE: Traceback (most recent call last):
  File "D:\pythonDSA\CTE\dexma\src\methods.py", line 235, in omnieletronica_query
    if (convertToISO(data['measure_at']) > convertToISO(after)) and (
  File "D:\pythonDSA\CTE\dexma\src\methods.py", line 174, in convertToISO
    ts = (datetime.datetime.fromisoformat(ts) - datetime.timedelta(hours=3)).strftime("%Y-%m-%dT%H:%M:00.000-03:00")
ValueError: Invalid isoformat string: '2022-10-05T10:45:00.0'

[2022-10-05 16:30:51.652362] [ERROR] Creating TEMP archive from NAE1-H_1510_AG15_INF_OE: Traceback (most recent call last):
  File "D:\pythonDSA\CTE\dexma\src\methods.py", line 235, in omnieletronica_query
    if (convertToISO(data['measure_at']) > convertToISO(after)) and (
  File "D:\pythonDSA\CTE\dexma\src\methods.py", line 174, in convertToISO
    ts = (datetime.datetime.fromisoformat(ts) - datetime.timedelta(hours=3)).strftime("%Y-%m-%dT%H:%M:00.000-03:00")
ValueError: Invalid isoformat string: '2022-10-05T10:45:00.0'

[2022-10-05 16:30:52.730558] [ERROR] Creating TEMP archive from NAE1-H_1532_AG15_INF_OE: Traceback (most recent call last):
  File "D:\pythonDSA\CTE\dexma\src\methods.py", line 235, in omnieletronica_query
    if (convertToISO(data['measure_at']) > convertToISO(after)) and (
  File "D:\pythonDSA\CTE\dexma\src\methods.py", line 174, in convertToISO
    ts = (datetime.datetime.fromisoformat(ts) - datetime.timedelta(hours=3)).strftime("%Y-%m-%dT%H:%M:00.000-03:00")
ValueError: Invalid isoformat string: '2022-10-05T10:30:00.0'

[2022-10-05 16:30:52.730558] [INFO] Preparing to upload
[2022-10-05 16:30:52.730558] [INFO] Uploading NAE4-M_3010740_EN15_INF_OE.tmp
[2022-10-05 16:32:13.903098] [INFO] Upload finished...
[2022-10-05 16:32:13.903098] [INFO] Waiting 10 minutes
[2022-10-05 16:42:13.907560] [INFO] Start!
[2022-10-05 16:42:25.604693] [ERROR] Creating TEMP archive from NAE1-H_1419_AG15_INF_OE: Traceback (most recent call last):
  File "D:\pythonDSA\CTE\dexma\src\methods.py", line 235, in omnieletronica_query
    if (convertToISO(data['measure_at']) > convertToISO(after)) and (
  File "D:\pythonDSA\CTE\dexma\src\methods.py", line 174, in convertToISO
    ts = (datetime.datetime.fromisoformat(ts) - datetime.timedelta(hours=3)).strftime("%Y-%m-%dT%H:%M:00.000-03:00")
ValueError: Invalid isoformat string: '2022-10-05T10:45:'

[2022-10-05 16:42:35.512610] [ERROR] Creating TEMP archive from NAE1-H_1510_AG15_INF_OE: Traceback (most recent call last):
  File "D:\pythonDSA\CTE\dexma\src\methods.py", line 235, in omnieletronica_query
    if (convertToISO(data['measure_at']) > convertToISO(after)) and (
  File "D:\pythonDSA\CTE\dexma\src\methods.py", line 174, in convertToISO
    ts = (datetime.datetime.fromisoformat(ts) - datetime.timedelta(hours=3)).strftime("%Y-%m-%dT%H:%M:00.000-03:00")
ValueError: Invalid isoformat string: '2022-10-05T10:45:'

[2022-10-05 16:42:45.363077] [ERROR] Creating TEMP archive from NAE1-H_1532_AG15_INF_OE: Traceback (most recent call last):
  File "D:\pythonDSA\CTE\dexma\src\methods.py", line 235, in omnieletronica_query
    if (convertToISO(data['measure_at']) > convertToISO(after)) and (
  File "D:\pythonDSA\CTE\dexma\src\methods.py", line 174, in convertToISO
    ts = (datetime.datetime.fromisoformat(ts) - datetime.timedelta(hours=3)).strftime("%Y-%m-%dT%H:%M:00.000-03:00")
ValueError: Invalid isoformat string: '2022-10-05T10:30:'

[2022-10-05 16:42:45.363077] [INFO] Preparing to upload
[2022-10-05 16:42:45.363077] [INFO] Uploading NAE4-M_3010740_EN15_INF_OE.tmp
[2022-10-05 16:44:06.553940] [INFO] Upload finished...
[2022-10-05 16:44:06.553940] [INFO] Waiting 10 minutes
[2022-10-05 16:54:06.554008] [INFO] Start!
[2022-10-05 16:54:57.342362] [INFO] Preparing to upload
[2022-10-05 16:54:57.342362] [INFO] Uploading NAE1-H_1419_AG15_INF_OE.tmp
[2022-10-05 16:54:57.342362] [INFO] Uploading NAE1-H_1510_AG15_INF_OE.tmp
[2022-10-05 16:54:57.342362] [INFO] Uploading NAE1-H_1532_AG15_INF_OE.tmp
[2022-10-05 16:54:57.342362] [INFO] Uploading NAE4-M_3010740_EN15_INF_OE.tmp
[2022-10-05 16:56:19.529478] [INFO] Upload finished...
[2022-10-05 16:56:19.529478] [INFO] Waiting 10 minutes
[2022-10-05 17:06:19.532127] [INFO] Start!
[2022-10-05 17:06:22.217211] [ERROR] Creating TEMP archive from NAE1-H_1419_AG15_INF_OE: Traceback (most recent call last):
  File "D:\pythonDSA\CTE\dexma\src\methods.py", line 235, in omnieletronica_query
    if (convertToISO(data['measure_at']) > convertToISO(after)) and (
  File "D:\pythonDSA\CTE\dexma\src\methods.py", line 174, in convertToISO
    ts = (datetime.datetime.fromisoformat(ts) - datetime.timedelta(hours=3)).strftime("%Y-%m-%dT%H:%M:00.000-03:00")
ValueError: Invalid isoformat string: '2022-10-05T11:15:00.000-0'

[2022-10-05 17:06:23.295653] [ERROR] Creating TEMP archive from NAE1-H_1510_AG15_INF_OE: Traceback (most recent call last):
  File "D:\pythonDSA\CTE\dexma\src\methods.py", line 235, in omnieletronica_query
    if (convertToISO(data['measure_at']) > convertToISO(after)) and (
  File "D:\pythonDSA\CTE\dexma\src\methods.py", line 174, in convertToISO
    ts = (datetime.datetime.fromisoformat(ts) - datetime.timedelta(hours=3)).strftime("%Y-%m-%dT%H:%M:00.000-03:00")
ValueError: Invalid isoformat string: '2022-10-05T11:30:00.000-0'

[2022-10-05 17:06:24.360100] [ERROR] Creating TEMP archive from NAE1-H_1532_AG15_INF_OE: Traceback (most recent call last):
  File "D:\pythonDSA\CTE\dexma\src\methods.py", line 235, in omnieletronica_query
    if (convertToISO(data['measure_at']) > convertToISO(after)) and (
  File "D:\pythonDSA\CTE\dexma\src\methods.py", line 174, in convertToISO
    ts = (datetime.datetime.fromisoformat(ts) - datetime.timedelta(hours=3)).strftime("%Y-%m-%dT%H:%M:00.000-03:00")
ValueError: Invalid isoformat string: '2022-10-05T11:30:00.000-0'

[2022-10-05 17:06:24.360100] [INFO] Preparing to upload
[2022-10-05 17:06:24.360100] [INFO] Uploading NAE4-M_3010740_EN15_INF_OE.tmp
[2022-10-05 17:07:37.116118] [ERROR] Uploading data from NAE4-M_3010740_EN15_INF_OE.tmp: Traceback (most recent call last):
  File "D:\Programas\Anaconda\Anaconda3\lib\site-packages\urllib3\connection.py", line 175, in _new_conn
    (self._dns_host, self.port), self.timeout, **extra_kw
  File "D:\Programas\Anaconda\Anaconda3\lib\site-packages\urllib3\util\connection.py", line 95, in create_connection
    raise err
  File "D:\Programas\Anaconda\Anaconda3\lib\site-packages\urllib3\util\connection.py", line 85, in create_connection
    sock.connect(sa)
TimeoutError: [WinError 10060] Uma tentativa de conexão falhou porque o componente conectado não respondeu
corretamente após um período de tempo ou a conexão estabelecida falhou
porque o host conectado não respondeu

During handling of the above exception, another exception occurred:

Traceback (most recent call last):
  File "D:\Programas\Anaconda\Anaconda3\lib\site-packages\urllib3\connectionpool.py", line 710, in urlopen
    chunked=chunked,
  File "D:\Programas\Anaconda\Anaconda3\lib\site-packages\urllib3\connectionpool.py", line 386, in _make_request
    self._validate_conn(conn)
  File "D:\Programas\Anaconda\Anaconda3\lib\site-packages\urllib3\connectionpool.py", line 1040, in _validate_conn
    conn.connect()
  File "D:\Programas\Anaconda\Anaconda3\lib\site-packages\urllib3\connection.py", line 358, in connect
    self.sock = conn = self._new_conn()
  File "D:\Programas\Anaconda\Anaconda3\lib\site-packages\urllib3\connection.py", line 187, in _new_conn
    self, "Failed to establish a new connection: %s" % e
urllib3.exceptions.NewConnectionError: <urllib3.connection.HTTPSConnection object at 0x0000019B15852788>: Failed to establish a new connection: [WinError 10060] Uma tentativa de conexão falhou porque o componente conectado não respondeu
corretamente após um período de tempo ou a conexão estabelecida falhou
porque o host conectado não respondeu

During handling of the above exception, another exception occurred:

Traceback (most recent call last):
  File "D:\Programas\Anaconda\Anaconda3\lib\site-packages\requests\adapters.py", line 499, in send
    timeout=timeout,
  File "D:\Programas\Anaconda\Anaconda3\lib\site-packages\urllib3\connectionpool.py", line 786, in urlopen
    method, url, error=e, _pool=self, _stacktrace=sys.exc_info()[2]
  File "D:\Programas\Anaconda\Anaconda3\lib\site-packages\urllib3\util\retry.py", line 592, in increment
    raise MaxRetryError(_pool, url, error or ResponseError(cause))
urllib3.exceptions.MaxRetryError: HTTPSConnectionPool(host='is3.dexcell.com', port=443): Max retries exceeded with url: /readings?source_key=Testing_123&x-dexcell-source-token=e06ca4e1fb863c26e7a4 (Caused by NewConnectionError('<urllib3.connection.HTTPSConnection object at 0x0000019B15852788>: Failed to establish a new connection: [WinError 10060] Uma tentativa de conexão falhou porque o componente conectado não respondeu\r\ncorretamente após um período de tempo ou a conexão estabelecida falhou\r\nporque o host conectado não respondeu'))

During handling of the above exception, another exception occurred:

Traceback (most recent call last):
  File "D:/pythonDSA/CTE/dexma/dexma_uploader.py", line 219, in uploadData
    data=line.strip("\n"))
  File "D:\Programas\Anaconda\Anaconda3\lib\site-packages\requests\api.py", line 59, in request
    return session.request(method=method, url=url, **kwargs)
  File "D:\Programas\Anaconda\Anaconda3\lib\site-packages\requests\sessions.py", line 587, in request
    resp = self.send(prep, **send_kwargs)
  File "D:\Programas\Anaconda\Anaconda3\lib\site-packages\requests\sessions.py", line 701, in send
    r = adapter.send(request, **kwargs)
  File "D:\Programas\Anaconda\Anaconda3\lib\site-packages\requests\adapters.py", line 565, in send
    raise ConnectionError(e, request=request)
requests.exceptions.ConnectionError: HTTPSConnectionPool(host='is3.dexcell.com', port=443): Max retries exceeded with url: /readings?source_key=Testing_123&x-dexcell-source-token=e06ca4e1fb863c26e7a4 (Caused by NewConnectionError('<urllib3.connection.HTTPSConnection object at 0x0000019B15852788>: Failed to establish a new connection: [WinError 10060] Uma tentativa de conexão falhou porque o componente conectado não respondeu\r\ncorretamente após um período de tempo ou a conexão estabelecida falhou\r\nporque o host conectado não respondeu'))

[2022-10-05 17:07:37.116118] [INFO] Upload finished...
[2022-10-05 17:07:37.116118] [INFO] Waiting 10 minutes
[2022-10-05 17:17:37.116279] [INFO] Start!
[2022-10-05 17:17:39.778908] [ERROR] Creating TEMP archive from NAE1-H_1419_AG15_INF_OE: Traceback (most recent call last):
  File "D:\pythonDSA\CTE\dexma\src\methods.py", line 235, in omnieletronica_query
    if (convertToISO(data['measure_at']) > convertToISO(after)) and (
  File "D:\pythonDSA\CTE\dexma\src\methods.py", line 174, in convertToISO
    ts = (datetime.datetime.fromisoformat(ts) - datetime.timedelta(hours=3)).strftime("%Y-%m-%dT%H:%M:00.000-03:00")
ValueError: Invalid isoformat string: '2022-10-05T11:15:00.0'

[2022-10-05 17:17:40.841481] [ERROR] Creating TEMP archive from NAE1-H_1510_AG15_INF_OE: Traceback (most recent call last):
  File "D:\pythonDSA\CTE\dexma\src\methods.py", line 235, in omnieletronica_query
    if (convertToISO(data['measure_at']) > convertToISO(after)) and (
  File "D:\pythonDSA\CTE\dexma\src\methods.py", line 174, in convertToISO
    ts = (datetime.datetime.fromisoformat(ts) - datetime.timedelta(hours=3)).strftime("%Y-%m-%dT%H:%M:00.000-03:00")
ValueError: Invalid isoformat string: '2022-10-05T11:30:00.0'

[2022-10-05 17:17:41.888425] [ERROR] Creating TEMP archive from NAE1-H_1532_AG15_INF_OE: Traceback (most recent call last):
  File "D:\pythonDSA\CTE\dexma\src\methods.py", line 235, in omnieletronica_query
    if (convertToISO(data['measure_at']) > convertToISO(after)) and (
  File "D:\pythonDSA\CTE\dexma\src\methods.py", line 174, in convertToISO
    ts = (datetime.datetime.fromisoformat(ts) - datetime.timedelta(hours=3)).strftime("%Y-%m-%dT%H:%M:00.000-03:00")
ValueError: Invalid isoformat string: '2022-10-05T11:30:00.0'

[2022-10-05 17:17:41.888425] [INFO] Preparing to upload
[2022-10-05 17:17:41.888425] [INFO] Uploading NAE4-M_3010740_EN15_INF_OE.tmp
[2022-10-05 17:19:05.614142] [INFO] Upload finished...
[2022-10-05 17:19:05.614142] [INFO] Waiting 10 minutes
[2022-10-05 17:29:05.616484] [INFO] Start!
[2022-10-05 17:29:23.058307] [ERROR] Creating TEMP archive from NAE1-H_1419_AG15_INF_OE: Traceback (most recent call last):
  File "D:\pythonDSA\CTE\dexma\src\methods.py", line 235, in omnieletronica_query
    if (convertToISO(data['measure_at']) > convertToISO(after)) and (
  File "D:\pythonDSA\CTE\dexma\src\methods.py", line 174, in convertToISO
    ts = (datetime.datetime.fromisoformat(ts) - datetime.timedelta(hours=3)).strftime("%Y-%m-%dT%H:%M:00.000-03:00")
ValueError: Invalid isoformat string: '2022-10-05T11:15:'

[2022-10-05 17:29:39.509121] [ERROR] Creating TEMP archive from NAE1-H_1510_AG15_INF_OE: Traceback (most recent call last):
  File "D:\pythonDSA\CTE\dexma\src\methods.py", line 235, in omnieletronica_query
    if (convertToISO(data['measure_at']) > convertToISO(after)) and (
  File "D:\pythonDSA\CTE\dexma\src\methods.py", line 174, in convertToISO
    ts = (datetime.datetime.fromisoformat(ts) - datetime.timedelta(hours=3)).strftime("%Y-%m-%dT%H:%M:00.000-03:00")
ValueError: Invalid isoformat string: '2022-10-05T11:30:'

[2022-10-05 17:29:54.231095] [ERROR] Creating TEMP archive from NAE1-H_1532_AG15_INF_OE: Traceback (most recent call last):
  File "D:\pythonDSA\CTE\dexma\src\methods.py", line 235, in omnieletronica_query
    if (convertToISO(data['measure_at']) > convertToISO(after)) and (
  File "D:\pythonDSA\CTE\dexma\src\methods.py", line 174, in convertToISO
    ts = (datetime.datetime.fromisoformat(ts) - datetime.timedelta(hours=3)).strftime("%Y-%m-%dT%H:%M:00.000-03:00")
ValueError: Invalid isoformat string: '2022-10-05T11:30:'

[2022-10-05 17:29:54.231095] [INFO] Preparing to upload
[2022-10-05 17:29:54.231095] [INFO] Uploading NAE4-M_3010740_EN15_INF_OE.tmp
[2022-10-05 17:31:18.931032] [INFO] Upload finished...
[2022-10-05 17:31:18.931032] [INFO] Waiting 10 minutes
[2022-10-05 17:41:18.939182] [INFO] Start!
[2022-10-05 17:41:50.387274] [INFO] Preparing to upload
[2022-10-05 17:41:50.388274] [INFO] Uploading NAE1-H_1419_AG15_INF_OE.tmp
[2022-10-05 17:41:50.388274] [INFO] Uploading NAE1-H_1510_AG15_INF_OE.tmp
[2022-10-05 17:41:50.388274] [INFO] Uploading NAE1-H_1532_AG15_INF_OE.tmp
[2022-10-05 17:41:50.389274] [INFO] Uploading NAE4-M_3010740_EN15_INF_OE.tmp
[2022-10-05 17:43:14.882849] [INFO] Upload finished...
[2022-10-05 17:43:14.882849] [INFO] Waiting 10 minutes
[2022-10-05 17:53:14.893249] [INFO] Start!
[2022-10-05 17:53:17.575220] [ERROR] Creating TEMP archive from NAE1-H_1419_AG15_INF_OE: Traceback (most recent call last):
  File "D:\pythonDSA\CTE\dexma\src\methods.py", line 235, in omnieletronica_query
    if (convertToISO(data['measure_at']) > convertToISO(after)) and (
  File "D:\pythonDSA\CTE\dexma\src\methods.py", line 174, in convertToISO
    ts = (datetime.datetime.fromisoformat(ts) - datetime.timedelta(hours=3)).strftime("%Y-%m-%dT%H:%M:00.000-03:00")
ValueError: Invalid isoformat string: '2022-10-05T12:15:00.000-0'

[2022-10-05 17:53:18.668808] [ERROR] Creating TEMP archive from NAE1-H_1510_AG15_INF_OE: Traceback (most recent call last):
  File "D:\pythonDSA\CTE\dexma\src\methods.py", line 235, in omnieletronica_query
    if (convertToISO(data['measure_at']) > convertToISO(after)) and (
  File "D:\pythonDSA\CTE\dexma\src\methods.py", line 174, in convertToISO
    ts = (datetime.datetime.fromisoformat(ts) - datetime.timedelta(hours=3)).strftime("%Y-%m-%dT%H:%M:00.000-03:00")
ValueError: Invalid isoformat string: '2022-10-05T12:15:00.000-0'

[2022-10-05 17:53:19.731372] [ERROR] Creating TEMP archive from NAE1-H_1532_AG15_INF_OE: Traceback (most recent call last):
  File "D:\pythonDSA\CTE\dexma\src\methods.py", line 235, in omnieletronica_query
    if (convertToISO(data['measure_at']) > convertToISO(after)) and (
  File "D:\pythonDSA\CTE\dexma\src\methods.py", line 174, in convertToISO
    ts = (datetime.datetime.fromisoformat(ts) - datetime.timedelta(hours=3)).strftime("%Y-%m-%dT%H:%M:00.000-03:00")
ValueError: Invalid isoformat string: '2022-10-05T12:15:00.000-0'

[2022-10-05 17:53:19.731372] [INFO] Preparing to upload
[2022-10-05 17:53:19.731372] [INFO] Uploading NAE4-M_3010740_EN15_INF_OE.tmp
[2022-10-05 17:54:44.984913] [INFO] Upload finished...
[2022-10-05 17:54:44.984913] [INFO] Waiting 10 minutes
[2022-10-05 18:04:44.988264] [INFO] Start!
[2022-10-05 18:04:47.801830] [ERROR] Creating TEMP archive from NAE1-H_1419_AG15_INF_OE: Traceback (most recent call last):
  File "D:\pythonDSA\CTE\dexma\src\methods.py", line 235, in omnieletronica_query
    if (convertToISO(data['measure_at']) > convertToISO(after)) and (
  File "D:\pythonDSA\CTE\dexma\src\methods.py", line 174, in convertToISO
    ts = (datetime.datetime.fromisoformat(ts) - datetime.timedelta(hours=3)).strftime("%Y-%m-%dT%H:%M:00.000-03:00")
ValueError: Invalid isoformat string: '2022-10-05T12:15:00.0'

[2022-10-05 18:04:48.892480] [ERROR] Creating TEMP archive from NAE1-H_1510_AG15_INF_OE: Traceback (most recent call last):
  File "D:\pythonDSA\CTE\dexma\src\methods.py", line 235, in omnieletronica_query
    if (convertToISO(data['measure_at']) > convertToISO(after)) and (
  File "D:\pythonDSA\CTE\dexma\src\methods.py", line 174, in convertToISO
    ts = (datetime.datetime.fromisoformat(ts) - datetime.timedelta(hours=3)).strftime("%Y-%m-%dT%H:%M:00.000-03:00")
ValueError: Invalid isoformat string: '2022-10-05T12:15:00.0'

[2022-10-05 18:04:50.004930] [ERROR] Creating TEMP archive from NAE1-H_1532_AG15_INF_OE: Traceback (most recent call last):
  File "D:\pythonDSA\CTE\dexma\src\methods.py", line 235, in omnieletronica_query
    if (convertToISO(data['measure_at']) > convertToISO(after)) and (
  File "D:\pythonDSA\CTE\dexma\src\methods.py", line 174, in convertToISO
    ts = (datetime.datetime.fromisoformat(ts) - datetime.timedelta(hours=3)).strftime("%Y-%m-%dT%H:%M:00.000-03:00")
ValueError: Invalid isoformat string: '2022-10-05T12:15:00.0'

[2022-10-05 18:04:50.005930] [INFO] Preparing to upload
[2022-10-05 18:04:50.006920] [INFO] Uploading NAE4-M_3010740_EN15_INF_OE.tmp
[2022-10-05 18:06:15.854921] [INFO] Upload finished...
[2022-10-05 18:06:15.854921] [INFO] Waiting 10 minutes
